This file contains any messages produced by compilers while
running configure, to aid debugging if configure makes a mistake.

It was created by libusb-1.0 configure 1.0.24, which was
generated by GNU Autoconf 2.70.  Invocation command line was

  $ /home/jifukui/jifukuistudy/sourcecode/libusb/configure --enable-examples-build --enable-tests-build

## --------- ##
## Platform. ##
## --------- ##

hostname = localhost.localdomain
uname -m = i686
uname -r = 3.10.0-1062.4.1.el7.centos.plus.i686
uname -s = Linux
uname -v = #1 SMP Fri Oct 18 17:32:18 UTC 2019

/usr/bin/uname -p = i686
/bin/uname -X     = unknown

/bin/arch              = i686
/usr/bin/arch -k       = unknown
/usr/convex/getsysinfo = unknown
/usr/bin/hostinfo      = unknown
/bin/machine           = unknown
/usr/bin/oslevel       = unknown
/bin/universe          = unknown

PATH: /root/.pyenv/shims/
PATH: /root/.pyenv/bin/
PATH: /root/perl5/bin/
PATH: /usr/lib/qt-3.3/bin/
PATH: /home/jifukui/perl5/bin/
PATH: /usr/local/bin/
PATH: /usr/bin/
PATH: /usr/local/sbin/
PATH: /usr/sbin/
PATH: /home/jifukui/gcc_arm_embedded/gcc-arm-none-eabi-5_4-2016q3/bin/
PATH: /opt/eldk-5.5.2/powerpc/sysroots/i686-eldk-linux/usr/bin/
PATH: /opt/eldk-5.5.2/powerpc/sysroots/i686-eldk-linux/usr/bin/powerpc-linux/
PATH: /opt/fsl-imx-x11/4.1.15-2.1.0/sysroots/i686-pokysdk-linux/usr/bin/arm-poky-linux-gnueabi/
PATH: /opt/hisi-linux/x86-arm/arm-hisiv400-linux/target/bin/
PATH: /home/jifukui/tools/tool/
PATH: /home/tcwg-buildslave/workspace/tcwg-make-release_1/_build/builds/destdir/i686-pc-linux-gnu/bin/
PATH: /home/jifukui/.local/bin/
PATH: /home/jifukui/bin/


## ----------- ##
## Core tests. ##
## ----------- ##

configure:2869: looking for aux files: config.guess config.sub ltmain.sh missing install-sh compile
configure:2882:  trying ./
configure:2911:   ./config.guess found
configure:2911:   ./config.sub found
configure:2911:   ./ltmain.sh found
configure:2911:   ./missing found
configure:2893:   ./install-sh found
configure:2911:   ./compile found
configure:3088: checking for gcc
configure:3109: found /usr/bin/gcc
configure:3120: result: gcc
configure:3473: checking for C compiler version
configure:3482: gcc --version >&5
gcc (GCC) 10.1.0
Copyright (C) 2020 Free Software Foundation, Inc.
This is free software; see the source for copying conditions.  There is NO
warranty; not even for MERCHANTABILITY or FITNESS FOR A PARTICULAR PURPOSE.

configure:3493: $? = 0
configure:3482: gcc -v >&5
Using built-in specs.
COLLECT_GCC=gcc
COLLECT_LTO_WRAPPER=/usr/libexec/gcc/i686-pc-linux-gnu/10.1.0/lto-wrapper
Target: i686-pc-linux-gnu
Configured with: ./configure --prefix=/usr --enable-threads=posix --disable-checking --enable--long-long
Thread model: posix
Supported LTO compression algorithms: zlib
gcc version 10.1.0 (GCC) 
configure:3493: $? = 0
configure:3482: gcc -V >&5
gcc: error: unrecognized command-line option '-V'
gcc: fatal error: no input files
compilation terminated.
configure:3493: $? = 1
configure:3482: gcc -qversion >&5
gcc: error: unrecognized command-line option '-qversion'; did you mean '--version'?
gcc: fatal error: no input files
compilation terminated.
configure:3493: $? = 1
configure:3482: gcc -version >&5
gcc: error: unrecognized command-line option '-version'
gcc: fatal error: no input files
compilation terminated.
configure:3493: $? = 1
configure:3513: checking whether the C compiler works
configure:3535: gcc    conftest.c  >&5
configure:3539: $? = 0
configure:3589: result: yes
configure:3592: checking for C compiler default output file name
configure:3594: result: a.out
configure:3600: checking for suffix of executables
configure:3607: gcc -o conftest    conftest.c  >&5
configure:3611: $? = 0
configure:3634: result: 
configure:3656: checking whether we are cross compiling
configure:3664: gcc -o conftest    conftest.c  >&5
configure:3668: $? = 0
configure:3675: ./conftest
configure:3679: $? = 0
configure:3694: result: no
configure:3699: checking for suffix of object files
configure:3722: gcc -c   conftest.c >&5
configure:3726: $? = 0
configure:3748: result: o
configure:3752: checking whether the compiler supports GNU C
configure:3772: gcc -c   conftest.c >&5
configure:3772: $? = 0
configure:3782: result: yes
configure:3793: checking whether gcc accepts -g
configure:3814: gcc -c -g  conftest.c >&5
configure:3814: $? = 0
configure:3858: result: yes
configure:3875: checking for gcc option to enable C11 features
configure:3890: gcc  -c -g -O2  conftest.c >&5
configure:3890: $? = 0
configure:3905: result: none needed
configure:4039: checking whether gcc understands -c and -o together
configure:4062: gcc -c conftest.c -o conftest2.o
configure:4065: $? = 0
configure:4062: gcc -c conftest.c -o conftest2.o
configure:4065: $? = 0
configure:4077: result: yes
configure:4163: checking for g++
configure:4184: found /usr/bin/g++
configure:4195: result: g++
configure:4222: checking for C++ compiler version
configure:4231: g++ --version >&5
g++ (GCC) 10.1.0
Copyright (C) 2020 Free Software Foundation, Inc.
This is free software; see the source for copying conditions.  There is NO
warranty; not even for MERCHANTABILITY or FITNESS FOR A PARTICULAR PURPOSE.

configure:4242: $? = 0
configure:4231: g++ -v >&5
Using built-in specs.
COLLECT_GCC=g++
COLLECT_LTO_WRAPPER=/usr/libexec/gcc/i686-pc-linux-gnu/10.1.0/lto-wrapper
Target: i686-pc-linux-gnu
Configured with: ./configure --prefix=/usr --enable-threads=posix --disable-checking --enable--long-long
Thread model: posix
Supported LTO compression algorithms: zlib
gcc version 10.1.0 (GCC) 
configure:4242: $? = 0
configure:4231: g++ -V >&5
g++: error: unrecognized command-line option '-V'
g++: fatal error: no input files
compilation terminated.
configure:4242: $? = 1
configure:4231: g++ -qversion >&5
g++: error: unrecognized command-line option '-qversion'; did you mean '--version'?
g++: fatal error: no input files
compilation terminated.
configure:4242: $? = 1
configure:4246: checking whether the compiler supports GNU C++
configure:4266: g++ -c   conftest.cpp >&5
configure:4266: $? = 0
configure:4276: result: yes
configure:4287: checking whether g++ accepts -g
configure:4308: g++ -c -g  conftest.cpp >&5
configure:4308: $? = 0
configure:4352: result: yes
configure:4369: checking for g++ option to enable C++11 features
configure:4384: g++  -c -g -O2  conftest.cpp >&5
configure:4384: $? = 0
configure:4399: result: none needed
configure:4475: checking for inline
configure:4492: gcc -c -g -O2  conftest.c >&5
configure:4492: $? = 0
configure:4501: result: inline
configure:4536: checking for a BSD-compatible install
configure:4609: result: /usr/bin/install -c
configure:4620: checking whether build environment is sane
configure:4675: result: yes
configure:4835: checking for a race-free mkdir -p
configure:4879: result: /usr/bin/mkdir -p
configure:4886: checking for gawk
configure:4907: found /usr/bin/gawk
configure:4918: result: gawk
configure:4929: checking whether make sets $(MAKE)
configure:4952: result: yes
configure:4982: checking for style of include used by make
configure:5010: result: GNU
configure:5046: checking whether make supports nested variables
configure:5064: result: yes
configure:5145: checking dependency style of gcc
configure:5257: result: gcc3
configure:5274: checking dependency style of g++
configure:5386: result: gcc3
configure:5476: checking build system type
configure:5491: result: i686-pc-linux-gnu
configure:5511: checking host system type
configure:5525: result: i686-pc-linux-gnu
configure:5566: checking how to print strings
configure:5593: result: printf
configure:5614: checking for a sed that does not truncate output
configure:5684: result: /usr/bin/sed
configure:5702: checking for grep that handles long lines and -e
configure:5766: result: /usr/bin/grep
configure:5771: checking for egrep
configure:5839: result: /usr/bin/grep -E
configure:5844: checking for fgrep
configure:5912: result: /usr/bin/grep -F
configure:5948: checking for ld used by gcc
configure:6016: result: /usr/bin/ld
configure:6023: checking if the linker (/usr/bin/ld) is GNU ld
configure:6039: result: yes
configure:6051: checking for BSD- or MS-compatible name lister (nm)
configure:6106: result: /usr/bin/nm -B
configure:6246: checking the name lister (/usr/bin/nm -B) interface
configure:6254: gcc -c -g -O2  conftest.c >&5
configure:6257: /usr/bin/nm -B "conftest.o"
configure:6260: output
00000000 B some_variable
configure:6267: result: BSD nm
configure:6270: checking whether ln -s works
configure:6274: result: yes
configure:6282: checking the maximum length of command line arguments
configure:6414: result: 1572864
configure:6462: checking how to convert i686-pc-linux-gnu file names to i686-pc-linux-gnu format
configure:6503: result: func_convert_file_noop
configure:6510: checking how to convert i686-pc-linux-gnu file names to toolchain format
configure:6531: result: func_convert_file_noop
configure:6538: checking for /usr/bin/ld option to reload object files
configure:6546: result: -r
configure:6625: checking for objdump
configure:6646: found /usr/bin/objdump
configure:6657: result: objdump
configure:6689: checking how to recognize dependent libraries
configure:6890: result: pass_all
configure:6980: checking for dlltool
configure:7015: result: no
configure:7045: checking how to associate runtime and link libraries
configure:7073: result: printf %s\n
configure:7138: checking for ar
configure:7159: found /usr/bin/ar
configure:7170: result: ar
configure:7207: checking for archiver @FILE support
configure:7225: gcc -c -g -O2  conftest.c >&5
configure:7225: $? = 0
configure:7229: ar cru libconftest.a @conftest.lst >&5
configure:7232: $? = 0
configure:7237: ar cru libconftest.a @conftest.lst >&5
ar: conftest.o: No such file or directory
configure:7240: $? = 1
configure:7252: result: @
configure:7315: checking for strip
configure:7336: found /usr/bin/strip
configure:7347: result: strip
configure:7424: checking for ranlib
configure:7445: found /usr/bin/ranlib
configure:7456: result: ranlib
configure:7558: checking command to parse /usr/bin/nm -B output from gcc object
configure:7712: gcc -c -g -O2  conftest.c >&5
configure:7715: $? = 0
configure:7719: /usr/bin/nm -B conftest.o \| sed -n -e 's/^.*[ ]\([ABCDGIRSTW][ABCDGIRSTW]*\)[ ][ ]*\([_A-Za-z][_A-Za-z0-9]*\)$/\1 \2 \2/p' | sed '/ __gnu_lto/d' \> conftest.nm
configure:7722: $? = 0
configure:7788: gcc -o conftest -g -O2   conftest.c conftstm.o >&5
configure:7791: $? = 0
configure:7829: result: ok
configure:7876: checking for sysroot
configure:7907: result: no
configure:7914: checking for a working dd
configure:7958: result: /usr/bin/dd
configure:7962: checking how to truncate binary pipes
configure:7978: result: /usr/bin/dd bs=4096 count=1
configure:8315: checking for mt
configure:8350: result: no
configure:8370: checking if : is a manifest tool
configure:8377: : '-?'
configure:8385: result: no
configure:9115: checking for stdio.h
configure:9115: gcc -c -g -O2  conftest.c >&5
configure:9115: $? = 0
configure:9115: result: yes
configure:9115: checking for stdlib.h
configure:9115: gcc -c -g -O2  conftest.c >&5
configure:9115: $? = 0
configure:9115: result: yes
configure:9115: checking for string.h
configure:9115: gcc -c -g -O2  conftest.c >&5
configure:9115: $? = 0
configure:9115: result: yes
configure:9115: checking for inttypes.h
configure:9115: gcc -c -g -O2  conftest.c >&5
configure:9115: $? = 0
configure:9115: result: yes
configure:9115: checking for stdint.h
configure:9115: gcc -c -g -O2  conftest.c >&5
configure:9115: $? = 0
configure:9115: result: yes
configure:9115: checking for strings.h
configure:9115: gcc -c -g -O2  conftest.c >&5
configure:9115: $? = 0
configure:9115: result: yes
configure:9115: checking for sys/stat.h
configure:9115: gcc -c -g -O2  conftest.c >&5
configure:9115: $? = 0
configure:9115: result: yes
configure:9115: checking for sys/types.h
configure:9115: gcc -c -g -O2  conftest.c >&5
configure:9115: $? = 0
configure:9115: result: yes
configure:9115: checking for unistd.h
configure:9115: gcc -c -g -O2  conftest.c >&5
configure:9115: $? = 0
configure:9115: result: yes
configure:9140: checking for dlfcn.h
configure:9140: gcc -c -g -O2  conftest.c >&5
configure:9140: $? = 0
configure:9140: result: yes
configure:9410: checking for objdir
configure:9426: result: .libs
configure:9690: checking if gcc supports -fno-rtti -fno-exceptions
configure:9709: gcc -c -g -O2  -fno-rtti -fno-exceptions conftest.c >&5
cc1: warning: command-line option '-fno-rtti' is valid for C++/D/ObjC++ but not for C
configure:9713: $? = 0
configure:9726: result: no
configure:10084: checking for gcc option to produce PIC
configure:10092: result: -fPIC -DPIC
configure:10100: checking if gcc PIC flag -fPIC -DPIC works
configure:10119: gcc -c -g -O2  -fPIC -DPIC -DPIC conftest.c >&5
configure:10123: $? = 0
configure:10136: result: yes
configure:10165: checking if gcc static flag -static works
configure:10194: result: yes
configure:10209: checking if gcc supports -c -o file.o
configure:10231: gcc -c -g -O2  -o out/conftest2.o conftest.c >&5
configure:10235: $? = 0
configure:10257: result: yes
configure:10265: checking if gcc supports -c -o file.o
configure:10313: result: yes
configure:10346: checking whether the gcc linker (/usr/bin/ld) supports shared libraries
configure:11612: result: yes
configure:11649: checking whether -lc should be explicitly linked in
configure:11658: gcc -c -g -O2  conftest.c >&5
configure:11661: $? = 0
configure:11676: gcc -shared  -fPIC -DPIC conftest.o  -v -Wl,-soname -Wl,conftest -o conftest 2\>\&1 \| /usr/bin/grep  -lc  \>/dev/null 2\>\&1
configure:11679: $? = 0
configure:11693: result: no
configure:11853: checking dynamic linker characteristics
configure:12435: gcc -o conftest -g -O2   -Wl,-rpath -Wl,/foo conftest.c  >&5
configure:12435: $? = 0
configure:12674: result: GNU/Linux ld.so
configure:12796: checking how to hardcode library paths into programs
configure:12821: result: immediate
configure:13373: checking whether stripping libraries is possible
configure:13378: result: yes
configure:13413: checking if libtool supports shared libraries
configure:13415: result: yes
configure:13418: checking whether to build shared libraries
configure:13443: result: yes
configure:13446: checking whether to build static libraries
configure:13450: result: yes
configure:13473: checking how to run the C++ preprocessor
configure:13495: g++ -E  conftest.cpp
configure:13495: $? = 0
configure:13510: g++ -E  conftest.cpp
conftest.cpp:23:10: fatal error: ac_nonexistent.h: No such file or directory
   23 | #include <ac_nonexistent.h>
      |          ^~~~~~~~~~~~~~~~~~
compilation terminated.
configure:13510: $? = 1
configure: failed program was:
| /* confdefs.h */
| #define PACKAGE_NAME "libusb-1.0"
| #define PACKAGE_TARNAME "libusb-1.0"
| #define PACKAGE_VERSION "1.0.24"
| #define PACKAGE_STRING "libusb-1.0 1.0.24"
| #define PACKAGE_BUGREPORT "libusb-devel@lists.sourceforge.net"
| #define PACKAGE_URL "http://libusb.info"
| #define PACKAGE "libusb-1.0"
| #define VERSION "1.0.24"
| #define HAVE_STDIO_H 1
| #define HAVE_STDLIB_H 1
| #define HAVE_STRING_H 1
| #define HAVE_INTTYPES_H 1
| #define HAVE_STDINT_H 1
| #define HAVE_STRINGS_H 1
| #define HAVE_SYS_STAT_H 1
| #define HAVE_SYS_TYPES_H 1
| #define HAVE_UNISTD_H 1
| #define STDC_HEADERS 1
| #define HAVE_DLFCN_H 1
| #define LT_OBJDIR ".libs/"
| /* end confdefs.h.  */
| #include <ac_nonexistent.h>
configure:13537: result: g++ -E
configure:13551: g++ -E  conftest.cpp
configure:13551: $? = 0
configure:13566: g++ -E  conftest.cpp
conftest.cpp:23:10: fatal error: ac_nonexistent.h: No such file or directory
   23 | #include <ac_nonexistent.h>
      |          ^~~~~~~~~~~~~~~~~~
compilation terminated.
configure:13566: $? = 1
configure: failed program was:
| /* confdefs.h */
| #define PACKAGE_NAME "libusb-1.0"
| #define PACKAGE_TARNAME "libusb-1.0"
| #define PACKAGE_VERSION "1.0.24"
| #define PACKAGE_STRING "libusb-1.0 1.0.24"
| #define PACKAGE_BUGREPORT "libusb-devel@lists.sourceforge.net"
| #define PACKAGE_URL "http://libusb.info"
| #define PACKAGE "libusb-1.0"
| #define VERSION "1.0.24"
| #define HAVE_STDIO_H 1
| #define HAVE_STDLIB_H 1
| #define HAVE_STRING_H 1
| #define HAVE_INTTYPES_H 1
| #define HAVE_STDINT_H 1
| #define HAVE_STRINGS_H 1
| #define HAVE_SYS_STAT_H 1
| #define HAVE_SYS_TYPES_H 1
| #define HAVE_UNISTD_H 1
| #define STDC_HEADERS 1
| #define HAVE_DLFCN_H 1
| #define LT_OBJDIR ".libs/"
| /* end confdefs.h.  */
| #include <ac_nonexistent.h>
configure:13731: checking for ld used by g++
configure:13799: result: /usr/bin/ld
configure:13806: checking if the linker (/usr/bin/ld) is GNU ld
configure:13822: result: yes
configure:13877: checking whether the g++ linker (/usr/bin/ld) supports shared libraries
configure:14954: result: yes
configure:14990: g++ -c -g -O2  conftest.cpp >&5
configure:14993: $? = 0
configure:15474: checking for g++ option to produce PIC
configure:15482: result: -fPIC -DPIC
configure:15490: checking if g++ PIC flag -fPIC -DPIC works
configure:15509: g++ -c -g -O2  -fPIC -DPIC -DPIC conftest.cpp >&5
configure:15513: $? = 0
configure:15526: result: yes
configure:15549: checking if g++ static flag -static works
configure:15578: result: yes
configure:15590: checking if g++ supports -c -o file.o
configure:15612: g++ -c -g -O2  -o out/conftest2.o conftest.cpp >&5
configure:15616: $? = 0
configure:15638: result: yes
configure:15643: checking if g++ supports -c -o file.o
configure:15691: result: yes
configure:15721: checking whether the g++ linker (/usr/bin/ld) supports shared libraries
configure:15761: result: yes
configure:15903: checking dynamic linker characteristics
configure:16651: result: GNU/Linux ld.so
configure:16716: checking how to hardcode library paths into programs
configure:16741: result: immediate
configure:16850: checking for windres
configure:16885: result: no
configure:17000: checking whether make supports nested variables
configure:17018: result: yes
configure:17035: checking if gcc supports -std=gnu11
configure:17048: gcc -c -std=gnu11  conftest.c >&5
configure:17048: $? = 0
configure:17050: result: yes
configure:17100: checking operating system
configure:17123: result: Linux
configure:17179: checking for nfds_t
configure:17179: gcc -c -g -O2  conftest.c >&5
configure:17179: $? = 0
configure:17179: gcc -c -g -O2  conftest.c >&5
conftest.c: In function 'main':
conftest.c:32:21: error: expected expression before ')' token
   32 | if (sizeof ((nfds_t)))
      |                     ^
configure:17179: $? = 1
configure: failed program was:
| /* confdefs.h */
| #define PACKAGE_NAME "libusb-1.0"
| #define PACKAGE_TARNAME "libusb-1.0"
| #define PACKAGE_VERSION "1.0.24"
| #define PACKAGE_STRING "libusb-1.0 1.0.24"
| #define PACKAGE_BUGREPORT "libusb-devel@lists.sourceforge.net"
| #define PACKAGE_URL "http://libusb.info"
| #define PACKAGE "libusb-1.0"
| #define VERSION "1.0.24"
| #define HAVE_STDIO_H 1
| #define HAVE_STDLIB_H 1
| #define HAVE_STRING_H 1
| #define HAVE_INTTYPES_H 1
| #define HAVE_STDINT_H 1
| #define HAVE_STRINGS_H 1
| #define HAVE_SYS_STAT_H 1
| #define HAVE_SYS_TYPES_H 1
| #define HAVE_UNISTD_H 1
| #define STDC_HEADERS 1
| #define HAVE_DLFCN_H 1
| #define LT_OBJDIR ".libs/"
| #define _GNU_SOURCE 1
| #define DEFAULT_VISIBILITY __attribute__ ((visibility ("default")))
| #define PRINTF_FORMAT(a, b) __attribute__ ((__format__ (__printf__, a, b)))
| #define PLATFORM_POSIX 1
| /* end confdefs.h.  */
| #include <poll.h>
| 
| int
| main (void)
| {
| if (sizeof ((nfds_t)))
| 	    return 0;
|   ;
|   return 0;
| }
configure:17179: result: yes
configure:17189: checking for pipe2
configure:17189: gcc -o conftest -g -O2   conftest.c  >&5
configure:17189: $? = 0
configure:17189: result: yes
configure:17198: checking if gcc recognizes -pthread
configure:17211: gcc -c -Wall -Werror -pthread  conftest.c >&5
configure:17211: $? = 0
configure:17213: result: yes
configure:17223: checking for library containing pthread_create
configure:17253: gcc -o conftest -g -O2   conftest.c  >&5
/tmp/ccOXSywK.o: In function `main':
/home/jifukui/jifukuistudy/sourcecode/libusb/conftest.c:37: undefined reference to `pthread_create'
collect2: error: ld returned 1 exit status
configure:17253: $? = 1
configure: failed program was:
| /* confdefs.h */
| #define PACKAGE_NAME "libusb-1.0"
| #define PACKAGE_TARNAME "libusb-1.0"
| #define PACKAGE_VERSION "1.0.24"
| #define PACKAGE_STRING "libusb-1.0 1.0.24"
| #define PACKAGE_BUGREPORT "libusb-devel@lists.sourceforge.net"
| #define PACKAGE_URL "http://libusb.info"
| #define PACKAGE "libusb-1.0"
| #define VERSION "1.0.24"
| #define HAVE_STDIO_H 1
| #define HAVE_STDLIB_H 1
| #define HAVE_STRING_H 1
| #define HAVE_INTTYPES_H 1
| #define HAVE_STDINT_H 1
| #define HAVE_STRINGS_H 1
| #define HAVE_SYS_STAT_H 1
| #define HAVE_SYS_TYPES_H 1
| #define HAVE_UNISTD_H 1
| #define STDC_HEADERS 1
| #define HAVE_DLFCN_H 1
| #define LT_OBJDIR ".libs/"
| #define _GNU_SOURCE 1
| #define DEFAULT_VISIBILITY __attribute__ ((visibility ("default")))
| #define PRINTF_FORMAT(a, b) __attribute__ ((__format__ (__printf__, a, b)))
| #define PLATFORM_POSIX 1
| #define HAVE_NFDS_T 1
| #define HAVE_PIPE2 1
| /* end confdefs.h.  */
| 
| /* Override any GCC internal prototype to avoid an error.
|    Use char because int might match the return type of a GCC
|    builtin and then its argument prototype would still apply.  */
| char pthread_create ();
| int
| main (void)
| {
| return pthread_create ();
|   ;
|   return 0;
| }
configure:17253: gcc -o conftest -g -O2   conftest.c -lpthread   >&5
configure:17253: $? = 0
configure:17273: result: -lpthread
configure:17306: checking for library containing clock_gettime
configure:17336: gcc -o conftest -g -O2   conftest.c -lpthread  >&5
configure:17336: $? = 0
configure:17356: result: none required
configure:17365: checking for pthread_setname_np
configure:17365: gcc -o conftest -g -O2   conftest.c -lpthread  >&5
configure:17365: $? = 0
configure:17365: result: yes
configure:17381: checking for libudev.h
configure:17381: gcc -c -g -O2  conftest.c >&5
configure:17381: $? = 0
configure:17381: result: yes
configure:17389: checking for udev_new in -ludev
configure:17412: gcc -o conftest -g -O2   conftest.c -ludev  -lpthread  >&5
configure:17412: $? = 0
configure:17422: result: yes
configure:17483: checking for sys/time.h
configure:17483: gcc -c -g -O2  conftest.c >&5
configure:17483: $? = 0
configure:17483: result: yes
configure:17495: checking for clock_gettime
configure:17495: gcc -o conftest -g -O2   conftest.c -ludev -lpthread  >&5
configure:17495: $? = 0
configure:17495: result: yes
configure:17515: checking how gcc reports undeclared, standard C functions
configure:17532: gcc -c -g -O2  conftest.c >&5
conftest.c: In function 'main':
conftest.c:37:8: error: 'strchr' undeclared (first use in this function)
   37 | (void) strchr;
      |        ^~~~~~
conftest.c:1:1: note: 'strchr' is defined in header '<string.h>'; did you forget to '#include <string.h>'?
    1 | /* confdefs.h */
conftest.c:37:8: note: each undeclared identifier is reported only once for each function it appears in
   37 | (void) strchr;
      |        ^~~~~~
configure:17532: $? = 1
configure: failed program was:
| /* confdefs.h */
| #define PACKAGE_NAME "libusb-1.0"
| #define PACKAGE_TARNAME "libusb-1.0"
| #define PACKAGE_VERSION "1.0.24"
| #define PACKAGE_STRING "libusb-1.0 1.0.24"
| #define PACKAGE_BUGREPORT "libusb-devel@lists.sourceforge.net"
| #define PACKAGE_URL "http://libusb.info"
| #define PACKAGE "libusb-1.0"
| #define VERSION "1.0.24"
| #define HAVE_STDIO_H 1
| #define HAVE_STDLIB_H 1
| #define HAVE_STRING_H 1
| #define HAVE_INTTYPES_H 1
| #define HAVE_STDINT_H 1
| #define HAVE_STRINGS_H 1
| #define HAVE_SYS_STAT_H 1
| #define HAVE_SYS_TYPES_H 1
| #define HAVE_UNISTD_H 1
| #define STDC_HEADERS 1
| #define HAVE_DLFCN_H 1
| #define LT_OBJDIR ".libs/"
| #define _GNU_SOURCE 1
| #define DEFAULT_VISIBILITY __attribute__ ((visibility ("default")))
| #define PRINTF_FORMAT(a, b) __attribute__ ((__format__ (__printf__, a, b)))
| #define PLATFORM_POSIX 1
| #define HAVE_NFDS_T 1
| #define HAVE_PIPE2 1
| #define HAVE_PTHREAD_SETNAME_NP 1
| #define HAVE_LIBUDEV 1
| #define HAVE_SYS_TIME_H 1
| #define HAVE_CLOCK_GETTIME 1
| /* end confdefs.h.  */
| 
| int
| main (void)
| {
| (void) strchr;
|   ;
|   return 0;
| }
configure:17591: result: error
configure:17599: checking whether CLOCK_MONOTONIC is declared
configure:17599: gcc -c -g -O2  conftest.c >&5
configure:17599: $? = 0
configure:17599: result: yes
configure:17611: checking for pthread_condattr_setclock
configure:17611: gcc -o conftest -g -O2   conftest.c -ludev -lpthread  >&5
configure:17611: $? = 0
configure:17611: result: yes
configure:17647: checking for sys/eventfd.h
configure:17647: gcc -c -g -O2  conftest.c >&5
configure:17647: $? = 0
configure:17647: result: yes
configure:17656: checking whether EFD_NONBLOCK is declared
configure:17656: gcc -c -g -O2  conftest.c >&5
configure:17656: $? = 0
configure:17656: result: yes
configure:17672: checking whether EFD_CLOEXEC is declared
configure:17672: gcc -c -g -O2  conftest.c >&5
configure:17672: $? = 0
configure:17672: result: yes
configure:17690: checking for eventfd
configure:17690: gcc -o conftest -g -O2   conftest.c -ludev -lpthread  >&5
configure:17690: $? = 0
configure:17690: result: yes
configure:17712: checking whether to use eventfd for signalling
configure:17727: result: yes
configure:17742: checking for sys/timerfd.h
configure:17742: gcc -c -g -O2  conftest.c >&5
configure:17742: $? = 0
configure:17742: result: yes
configure:17751: checking whether TFD_NONBLOCK is declared
configure:17751: gcc -c -g -O2  conftest.c >&5
configure:17751: $? = 0
configure:17751: result: yes
configure:17767: checking whether TFD_CLOEXEC is declared
configure:17767: gcc -c -g -O2  conftest.c >&5
configure:17767: $? = 0
configure:17767: result: yes
configure:17785: checking for timerfd_create
configure:17785: gcc -o conftest -g -O2   conftest.c -ludev -lpthread  >&5
configure:17785: $? = 0
configure:17785: result: yes
configure:17807: checking whether to use timerfd for timing
configure:17822: result: yes
configure:18180: checking that generated files are newer than configure
configure:18186: result: done
configure:18269: creating ./config.status

## ---------------------- ##
## Running config.status. ##
## ---------------------- ##

This file was extended by libusb-1.0 config.status 1.0.24, which was
generated by GNU Autoconf 2.70.  Invocation command line was

  CONFIG_FILES    = 
  CONFIG_HEADERS  = 
  CONFIG_LINKS    = 
  CONFIG_COMMANDS = 
  $ ./config.status 

on localhost.localdomain

config.status:1253: creating libusb-1.0.pc
config.status:1253: creating Makefile
config.status:1253: creating libusb/Makefile
config.status:1253: creating examples/Makefile
config.status:1253: creating tests/Makefile
config.status:1253: creating doc/Makefile
config.status:1253: creating doc/doxygen.cfg
config.status:1253: creating config.h
config.status:1482: executing depfiles commands
config.status:1482: executing libtool commands

## ---------------- ##
## Cache variables. ##
## ---------------- ##

ac_cv_build=i686-pc-linux-gnu
ac_cv_c_compiler_gnu=yes
ac_cv_c_decl_report=error
ac_cv_c_inline=inline
ac_cv_cxx_compiler_gnu=yes
ac_cv_env_CCC_set=
ac_cv_env_CCC_value=
ac_cv_env_CC_set=
ac_cv_env_CC_value=
ac_cv_env_CFLAGS_set=
ac_cv_env_CFLAGS_value=
ac_cv_env_CPPFLAGS_set=
ac_cv_env_CPPFLAGS_value=
ac_cv_env_CXXCPP_set=
ac_cv_env_CXXCPP_value=
ac_cv_env_CXXFLAGS_set=
ac_cv_env_CXXFLAGS_value=
ac_cv_env_CXX_set=
ac_cv_env_CXX_value=
ac_cv_env_LDFLAGS_set=
ac_cv_env_LDFLAGS_value=
ac_cv_env_LIBS_set=
ac_cv_env_LIBS_value=
ac_cv_env_LT_SYS_LIBRARY_PATH_set=
ac_cv_env_LT_SYS_LIBRARY_PATH_value=
ac_cv_env_build_alias_set=
ac_cv_env_build_alias_value=
ac_cv_env_host_alias_set=
ac_cv_env_host_alias_value=
ac_cv_env_target_alias_set=
ac_cv_env_target_alias_value=
ac_cv_func_clock_gettime=yes
ac_cv_func_eventfd=yes
ac_cv_func_pipe2=yes
ac_cv_func_pthread_condattr_setclock=yes
ac_cv_func_pthread_setname_np=yes
ac_cv_func_timerfd_create=yes
ac_cv_have_decl_CLOCK_MONOTONIC=yes
ac_cv_have_decl_EFD_CLOEXEC=yes
ac_cv_have_decl_EFD_NONBLOCK=yes
ac_cv_have_decl_TFD_CLOEXEC=yes
ac_cv_have_decl_TFD_NONBLOCK=yes
ac_cv_header_dlfcn_h=yes
ac_cv_header_inttypes_h=yes
ac_cv_header_libudev_h=yes
ac_cv_header_stdint_h=yes
ac_cv_header_stdio_h=yes
ac_cv_header_stdlib_h=yes
ac_cv_header_string_h=yes
ac_cv_header_strings_h=yes
ac_cv_header_sys_eventfd_h=yes
ac_cv_header_sys_stat_h=yes
ac_cv_header_sys_time_h=yes
ac_cv_header_sys_timerfd_h=yes
ac_cv_header_sys_types_h=yes
ac_cv_header_unistd_h=yes
ac_cv_host=i686-pc-linux-gnu
ac_cv_lib_udev_udev_new=yes
ac_cv_objext=o
ac_cv_path_EGREP='/usr/bin/grep -E'
ac_cv_path_FGREP='/usr/bin/grep -F'
ac_cv_path_GREP=/usr/bin/grep
ac_cv_path_SED=/usr/bin/sed
ac_cv_path_install='/usr/bin/install -c'
ac_cv_path_lt_DD=/usr/bin/dd
ac_cv_path_mkdir=/usr/bin/mkdir
ac_cv_prog_AWK=gawk
ac_cv_prog_CXXCPP='g++ -E'
ac_cv_prog_ac_ct_AR=ar
ac_cv_prog_ac_ct_CC=gcc
ac_cv_prog_ac_ct_CXX=g++
ac_cv_prog_ac_ct_OBJDUMP=objdump
ac_cv_prog_ac_ct_RANLIB=ranlib
ac_cv_prog_ac_ct_STRIP=strip
ac_cv_prog_cc_c11=
ac_cv_prog_cc_g=yes
ac_cv_prog_cc_stdc=
ac_cv_prog_cxx_cxx11=
ac_cv_prog_cxx_cxx98=
ac_cv_prog_cxx_g=yes
ac_cv_prog_cxx_stdcxx=
ac_cv_prog_make_make_set=yes
ac_cv_search_clock_gettime='none required'
ac_cv_search_pthread_create=-lpthread
ac_cv_type_nfds_t=yes
am_cv_CC_dependencies_compiler_type=gcc3
am_cv_CXX_dependencies_compiler_type=gcc3
am_cv_make_support_nested_variables=yes
am_cv_prog_cc_c_o=yes
lt_cv_ar_at_file=@
lt_cv_archive_cmds_need_lc=no
lt_cv_deplibs_check_method=pass_all
lt_cv_file_magic_cmd='$MAGIC_CMD'
lt_cv_file_magic_test_file=
lt_cv_ld_reload_flag=-r
lt_cv_nm_interface='BSD nm'
lt_cv_objdir=.libs
lt_cv_path_LD=/usr/bin/ld
lt_cv_path_LDCXX=/usr/bin/ld
lt_cv_path_NM='/usr/bin/nm -B'
lt_cv_path_mainfest_tool=no
lt_cv_prog_compiler_c_o=yes
lt_cv_prog_compiler_c_o_CXX=yes
lt_cv_prog_compiler_c_o_RC=yes
lt_cv_prog_compiler_pic='-fPIC -DPIC'
lt_cv_prog_compiler_pic_CXX='-fPIC -DPIC'
lt_cv_prog_compiler_pic_works=yes
lt_cv_prog_compiler_pic_works_CXX=yes
lt_cv_prog_compiler_rtti_exceptions=no
lt_cv_prog_compiler_static_works=yes
lt_cv_prog_compiler_static_works_CXX=yes
lt_cv_prog_gnu_ld=yes
lt_cv_prog_gnu_ldcxx=yes
lt_cv_sharedlib_from_linklib_cmd='printf %s\n'
lt_cv_shlibpath_overrides_runpath=no
lt_cv_sys_global_symbol_pipe='sed -n -e '\''s/^.*[	 ]\([ABCDGIRSTW][ABCDGIRSTW]*\)[	 ][	 ]*\([_A-Za-z][_A-Za-z0-9]*\)$/\1 \2 \2/p'\'' | sed '\''/ __gnu_lto/d'\'''
lt_cv_sys_global_symbol_to_c_name_address='sed -n -e '\''s/^: \(.*\) .*$/  {"\1", (void *) 0},/p'\'' -e '\''s/^[ABCDGIRSTW][ABCDGIRSTW]* .* \(.*\)$/  {"\1", (void *) \&\1},/p'\'''
lt_cv_sys_global_symbol_to_c_name_address_lib_prefix='sed -n -e '\''s/^: \(.*\) .*$/  {"\1", (void *) 0},/p'\'' -e '\''s/^[ABCDGIRSTW][ABCDGIRSTW]* .* \(lib.*\)$/  {"\1", (void *) \&\1},/p'\'' -e '\''s/^[ABCDGIRSTW][ABCDGIRSTW]* .* \(.*\)$/  {"lib\1", (void *) \&\1},/p'\'''
lt_cv_sys_global_symbol_to_cdecl='sed -n -e '\''s/^T .* \(.*\)$/extern int \1();/p'\'' -e '\''s/^[ABCDGIRSTW][ABCDGIRSTW]* .* \(.*\)$/extern char \1;/p'\'''
lt_cv_sys_global_symbol_to_import=
lt_cv_sys_max_cmd_len=1572864
lt_cv_to_host_file_cmd=func_convert_file_noop
lt_cv_to_tool_file_cmd=func_convert_file_noop
lt_cv_truncate_bin='/usr/bin/dd bs=4096 count=1'

## ----------------- ##
## Output variables. ##
## ----------------- ##

ACLOCAL='${SHELL} /home/jifukui/jifukuistudy/sourcecode/libusb/missing aclocal-1.15'
AMDEPBACKSLASH='\'
AMDEP_FALSE='#'
AMDEP_TRUE=''
AMTAR='$${TAR-tar}'
AM_BACKSLASH='\'
AM_CFLAGS='-std=gnu11  -Wall -Wextra -Wshadow -Wunused -Wwrite-strings -Werror=format-security -Werror=implicit-function-declaration -Werror=implicit-int -Werror=init-self -Werror=missing-prototypes -Werror=strict-prototypes -Werror=undef -Werror=uninitialized'
AM_CPPFLAGS=''
AM_CXXFLAGS='-std=gnu++11  -Wall -Wextra -Wshadow -Wunused -Wwrite-strings -Werror=format-security -Werror=implicit-function-declaration -Werror=implicit-int -Werror=init-self -Werror=missing-prototypes -Werror=strict-prototypes -Werror=undef -Werror=uninitialized -Wmissing-declarations'
AM_DEFAULT_V='$(AM_DEFAULT_VERBOSITY)'
AM_DEFAULT_VERBOSITY='0'
AM_V='$(V)'
AR='ar'
AUTOCONF='${SHELL} /home/jifukui/jifukuistudy/sourcecode/libusb/missing autoconf'
AUTOHEADER='${SHELL} /home/jifukui/jifukuistudy/sourcecode/libusb/missing autoheader'
AUTOMAKE='${SHELL} /home/jifukui/jifukuistudy/sourcecode/libusb/missing automake-1.15'
AWK='gawk'
BUILD_EXAMPLES_FALSE='#'
BUILD_EXAMPLES_TRUE=''
BUILD_TESTS_FALSE='#'
BUILD_TESTS_TRUE=''
CC='gcc'
CCDEPMODE='depmode=gcc3'
CFLAGS='-g -O2'
CPPFLAGS=''
CREATE_IMPORT_LIB_FALSE=''
CREATE_IMPORT_LIB_TRUE='#'
CXX='g++'
CXXCPP='g++ -E'
CXXDEPMODE='depmode=gcc3'
CXXFLAGS='-g -O2'
CYGPATH_W='echo'
DEFS='-DHAVE_CONFIG_H'
DEPDIR='.deps'
DLLTOOL='false'
DOXYGEN_HTMLDIR='api-1.0'
DSYMUTIL=''
DUMPBIN=''
ECHO_C=''
ECHO_N='-n'
ECHO_T=''
EGREP='/usr/bin/grep -E'
EXEEXT=''
FGREP='/usr/bin/grep -F'
GREP='/usr/bin/grep'
INSTALL_DATA='${INSTALL} -m 644'
INSTALL_PROGRAM='${INSTALL}'
INSTALL_SCRIPT='${INSTALL}'
INSTALL_STRIP_PROGRAM='$(install_sh) -c -s'
LD='/usr/bin/ld'
LDFLAGS=''
LIBOBJS=''
LIBS='-ludev -lpthread '
LIBTOOL='$(SHELL) $(top_builddir)/libtool'
LIPO=''
LN_S='ln -s'
LTLIBOBJS=''
LT_LDFLAGS='-version-info 3:0:3 -no-undefined'
LT_SYS_LIBRARY_PATH=''
MAKEINFO='${SHELL} /home/jifukui/jifukuistudy/sourcecode/libusb/missing makeinfo'
MANIFEST_TOOL=':'
MKDIR_P='/usr/bin/mkdir -p'
NM='/usr/bin/nm -B'
NMEDIT=''
OBJDUMP='objdump'
OBJEXT='o'
OS_DARWIN_FALSE=''
OS_DARWIN_TRUE='#'
OS_HAIKU_FALSE=''
OS_HAIKU_TRUE='#'
OS_LINUX_FALSE='#'
OS_LINUX_TRUE=''
OS_NETBSD_FALSE=''
OS_NETBSD_TRUE='#'
OS_NULL_FALSE=''
OS_NULL_TRUE='#'
OS_OPENBSD_FALSE=''
OS_OPENBSD_TRUE='#'
OS_SUNOS_FALSE=''
OS_SUNOS_TRUE='#'
OS_WINDOWS_FALSE=''
OS_WINDOWS_TRUE='#'
OTOOL64=''
OTOOL=''
PACKAGE='libusb-1.0'
PACKAGE_BUGREPORT='libusb-devel@lists.sourceforge.net'
PACKAGE_NAME='libusb-1.0'
PACKAGE_STRING='libusb-1.0 1.0.24'
PACKAGE_TARNAME='libusb-1.0'
PACKAGE_URL='http://libusb.info'
PACKAGE_VERSION='1.0.24'
PATH_SEPARATOR=':'
PLATFORM_POSIX_FALSE='#'
PLATFORM_POSIX_TRUE=''
PLATFORM_WINDOWS_FALSE=''
PLATFORM_WINDOWS_TRUE='#'
RANLIB='ranlib'
RC=''
SED='/usr/bin/sed'
SET_MAKE=''
SHELL='/bin/sh'
STRIP='strip'
THREAD_CFLAGS='-pthread'
THREAD_LIBS='-lpthread'
USE_UDEV_FALSE='#'
USE_UDEV_TRUE=''
VERSION='1.0.24'
ac_ct_AR='ar'
ac_ct_CC='gcc'
ac_ct_CXX='g++'
ac_ct_DUMPBIN=''
am__EXEEXT_FALSE=''
am__EXEEXT_TRUE='#'
am__fastdepCC_FALSE='#'
am__fastdepCC_TRUE=''
am__fastdepCXX_FALSE='#'
am__fastdepCXX_TRUE=''
am__include='include'
am__isrc=''
am__leading_dot='.'
am__nodep='_no'
am__quote=''
am__tar='$${TAR-tar} chof - "$$tardir"'
am__untar='$${TAR-tar} xf -'
bindir='${exec_prefix}/bin'
build='i686-pc-linux-gnu'
build_alias=''
build_cpu='i686'
build_os='linux-gnu'
build_vendor='pc'
datadir='${datarootdir}'
datarootdir='${prefix}/share'
docdir='${datarootdir}/doc/${PACKAGE_TARNAME}'
dvidir='${docdir}'
exec_prefix='${prefix}'
host='i686-pc-linux-gnu'
host_alias=''
host_cpu='i686'
host_os='linux-gnu'
host_vendor='pc'
htmldir='${docdir}'
includedir='${prefix}/include'
infodir='${datarootdir}/info'
install_sh='${SHELL} /home/jifukui/jifukuistudy/sourcecode/libusb/install-sh'
libdir='${exec_prefix}/lib'
libexecdir='${exec_prefix}/libexec'
localedir='${datarootdir}/locale'
localstatedir='${prefix}/var'
mandir='${datarootdir}/man'
mkdir_p='$(MKDIR_P)'
oldincludedir='/usr/include'
pdfdir='${docdir}'
prefix='/usr/local'
program_transform_name='s,x,x,'
psdir='${docdir}'
runstatedir='${localstatedir}/run'
sbindir='${exec_prefix}/sbin'
sharedstatedir='${prefix}/com'
sysconfdir='${prefix}/etc'
target_alias=''

## ----------- ##
## confdefs.h. ##
## ----------- ##

/* confdefs.h */
#define PACKAGE_NAME "libusb-1.0"
#define PACKAGE_TARNAME "libusb-1.0"
#define PACKAGE_VERSION "1.0.24"
#define PACKAGE_STRING "libusb-1.0 1.0.24"
#define PACKAGE_BUGREPORT "libusb-devel@lists.sourceforge.net"
#define PACKAGE_URL "http://libusb.info"
#define PACKAGE "libusb-1.0"
#define VERSION "1.0.24"
#define HAVE_STDIO_H 1
#define HAVE_STDLIB_H 1
#define HAVE_STRING_H 1
#define HAVE_INTTYPES_H 1
#define HAVE_STDINT_H 1
#define HAVE_STRINGS_H 1
#define HAVE_SYS_STAT_H 1
#define HAVE_SYS_TYPES_H 1
#define HAVE_UNISTD_H 1
#define STDC_HEADERS 1
#define HAVE_DLFCN_H 1
#define LT_OBJDIR ".libs/"
#define _GNU_SOURCE 1
#define DEFAULT_VISIBILITY __attribute__ ((visibility ("default")))
#define PRINTF_FORMAT(a, b) __attribute__ ((__format__ (__printf__, a, b)))
#define PLATFORM_POSIX 1
#define HAVE_NFDS_T 1
#define HAVE_PIPE2 1
#define HAVE_PTHREAD_SETNAME_NP 1
#define HAVE_LIBUDEV 1
#define HAVE_SYS_TIME_H 1
#define HAVE_CLOCK_GETTIME 1
#define HAVE_PTHREAD_CONDATTR_SETCLOCK 1
#define HAVE_DECL_EFD_NONBLOCK 1
#define HAVE_DECL_EFD_CLOEXEC 1
#define HAVE_EVENTFD 1
#define HAVE_DECL_TFD_NONBLOCK 1
#define HAVE_DECL_TFD_CLOEXEC 1
#define HAVE_TIMERFD 1
#define ENABLE_LOGGING 1

configure: exit 0
